------Start of DE processing------ = [30-11-20 15:58:19:181 CET]
Exception = com.ibm.wsspi.adaptable.module.UnableToAdaptException
Source = com.ibm.ws.app.manager.war.internal.WARApplicationHandlerImpl
probeid = 51
Stack Dump = com.ibm.wsspi.adaptable.module.UnableToAdaptException: com.ibm.ws.javaee.ddmodel.DDParser$ParseException: CWWKC2272E: An error occurred while parsing the /WEB-INF/web.xml deployment descriptor on line 1. The error message was: ParseError at [row,col]:[1,1]
Message: Premature end of file.
	at com.ibm.ws.javaee.ddmodel.web.WebAppEntryAdapter.adapt(WebAppEntryAdapter.java:61)
	at com.ibm.ws.javaee.ddmodel.web.WebAppEntryAdapter.adapt(WebAppEntryAdapter.java:26)
	at com.ibm.ws.adaptable.module.internal.AdapterFactoryServiceImpl.adapt(AdapterFactoryServiceImpl.java:231)
	at com.ibm.ws.adaptable.module.internal.AdaptableEntryImpl.adapt(AdaptableEntryImpl.java:121)
	at com.ibm.ws.javaee.ddmodel.web.WebAppAdapter.adapt(WebAppAdapter.java:38)
	at com.ibm.ws.javaee.ddmodel.web.WebAppAdapter.adapt(WebAppAdapter.java:24)
	at com.ibm.ws.adaptable.module.internal.AdapterFactoryServiceImpl.adapt(AdapterFactoryServiceImpl.java:200)
	at com.ibm.ws.adaptable.module.internal.AdaptableContainerImpl.adapt(AdaptableContainerImpl.java:174)
	at com.ibm.ws.app.manager.module.internal.SimpleDeployedAppInfoBase$ModuleContainerInfoBase.<init>(SimpleDeployedAppInfoBase.java:171)
	at com.ibm.ws.app.manager.module.internal.SimpleDeployedAppInfoBase$WebModuleContainerInfo.<init>(SimpleDeployedAppInfoBase.java:352)
	at com.ibm.ws.app.manager.war.internal.WARDeployedAppInfo.<init>(WARDeployedAppInfo.java:65)
	at com.ibm.ws.app.manager.war.internal.WARDeployedAppInfoFactoryImpl.createDeployedAppInfo(WARDeployedAppInfoFactoryImpl.java:120)
	at com.ibm.ws.app.manager.war.internal.WARDeployedAppInfoFactoryImpl.createDeployedAppInfo(WARDeployedAppInfoFactoryImpl.java:35)
	at com.ibm.ws.app.manager.war.internal.WARApplicationHandlerImpl.setUpApplicationMonitoring(WARApplicationHandlerImpl.java:50)
	at com.ibm.ws.app.manager.internal.statemachine.StartAction.execute(StartAction.java:139)
	at com.ibm.ws.app.manager.internal.statemachine.ApplicationStateMachineImpl.enterState(ApplicationStateMachineImpl.java:1317)
	at com.ibm.ws.app.manager.internal.statemachine.ApplicationStateMachineImpl.performAction(ApplicationStateMachineImpl.java:1182)
	at com.ibm.ws.app.manager.internal.statemachine.ApplicationStateMachineImpl.run(ApplicationStateMachineImpl.java:905)
	at com.ibm.ws.threading.internal.ExecutorServiceImpl$RunnableWrapper.run(ExecutorServiceImpl.java:239)
	at java.util.concurrent.ThreadPoolExecutor.runWorker(ThreadPoolExecutor.java:1149)
	at java.util.concurrent.ThreadPoolExecutor$Worker.run(ThreadPoolExecutor.java:624)
	at java.lang.Thread.run(Thread.java:748)
Caused by: com.ibm.ws.javaee.ddmodel.DDParser$ParseException: CWWKC2272E: An error occurred while parsing the /WEB-INF/web.xml deployment descriptor on line 1. The error message was: ParseError at [row,col]:[1,1]
Message: Premature end of file.
	at com.ibm.ws.javaee.ddmodel.DDParser.parseToRootElement(DDParser.java:429)
	at com.ibm.ws.javaee.ddmodel.DDParser.parseRootElement(DDParser.java:584)
	at com.ibm.ws.javaee.ddmodel.web.WebAppDDParser.parse(WebAppDDParser.java:32)
	at com.ibm.ws.javaee.ddmodel.web.WebAppEntryAdapter.adapt(WebAppEntryAdapter.java:59)
	... 21 more
Caused by: javax.xml.stream.XMLStreamException: ParseError at [row,col]:[1,1]
Message: Premature end of file.
	at com.sun.org.apache.xerces.internal.impl.XMLStreamReaderImpl.next(XMLStreamReaderImpl.java:604)
	at com.ibm.ws.javaee.ddmodel.DDParser.parseToRootElement(DDParser.java:426)
	... 24 more

Dump of callerThis
Object type = com.ibm.ws.app.manager.war.internal.WARApplicationHandlerImpl
  futureMonitor = class com.ibm.ws.threading.internal.FutureMonitorImpl@1643b512
    _monitor = class java.util.concurrent.ConcurrentLinkedQueue@4acf232
      serialVersionUID = 196745693267521676
      head = class java.util.concurrent.ConcurrentLinkedQueue$Node@296f7245
      tail = class java.util.concurrent.ConcurrentLinkedQueue$Node@296f7245
      UNSAFE = class sun.misc.Unsafe@5eae53f3
      headOffset = 12
      tailOffset = 16
      MAX_ARRAY_SIZE = 2147483639
    _executor = class com.ibm.ws.threading.internal.ScheduledExecutorImpl@4233e02
      threadGroupName = "Scheduled Executor Thread Group"
      executor = class com.ibm.ws.threading.internal.ExecutorServiceImpl@2b3cda8c
      serialVersionUID = -9110693807503469597
      $$$tc$$$ = class com.ibm.websphere.ras.TraceComponent@2dfe099b
      continueExistingPeriodicTasksAfterShutdown = false
      executeExistingDelayedTasksAfterShutdown = true
      removeOnCancel = false
      sequencer = class java.util.concurrent.atomic.AtomicLong@645cba
      ctl = class java.util.concurrent.atomic.AtomicInteger@41ed5a63
      COUNT_BITS = 29
      CAPACITY = 536870911
      RUNNING = -536870912
      SHUTDOWN = 0
      STOP = 536870912
      TIDYING = 1073741824
      TERMINATED = 1610612736
      workQueue = class java.util.concurrent.ScheduledThreadPoolExecutor$DelayedWorkQueue@2560ebf3
      mainLock = class java.util.concurrent.locks.ReentrantLock@6845bd69
      workers = class java.util.HashSet@4ae6ad57
      termination = class java.util.concurrent.locks.AbstractQueuedSynchronizer$ConditionObject@61f3c82a
      largestPoolSize = 1
      completedTaskCount = 0
      threadFactory = class com.ibm.ws.threading.internal.ThreadFactoryImpl@685db75
      handler = class java.util.concurrent.ThreadPoolExecutor$AbortPolicy@79f642e7
      keepAliveTime = 0
      allowCoreThreadTimeOut = false
      corePoolSize = 1
      maximumPoolSize = 2147483647
      defaultHandler = class java.util.concurrent.ThreadPoolExecutor$AbortPolicy@79f642e7
      shutdownPerm = class java.lang.RuntimePermission@63b776b
      acc = null
      ONLY_ONE = true
      $assertionsDisabled = true
    _threadRunning = class java.util.concurrent.atomic.AtomicBoolean@f43f0b1
      serialVersionUID = 4654671469794556979
      unsafe = class sun.misc.Unsafe@5eae53f3
      valueOffset = 12
      value = 0
    _thread = class com.ibm.ws.threading.internal.FutureMonitorImpl$1@7f68a81c
      this$0 = class com.ibm.ws.threading.internal.FutureMonitorImpl@1643b512
      serialVersionUID = 2422512430832938099
      $$$tc$$$ = class com.ibm.websphere.ras.TraceComponent@4e73f515
    serialVersionUID = 2765238413969174390
    $$$tc$$$ = class com.ibm.websphere.ras.TraceComponent@2c385016
      strings[0] = "TraceComponent[com.ibm.ws.threading.internal.FutureMonitorImpl,class com.ibm.ws.threading.internal.FutureMonitorImpl,[Threading],com.ibm.ws.threading.internal.resources.ThreadingMessages,null]"
  deployedAppFactory = class com.ibm.ws.app.manager.war.internal.WARDeployedAppInfoFactoryImpl@198d2ad7
    tc = class com.ibm.websphere.ras.TraceComponent@14cf37a8
      strings[0] = "TraceComponent[com.ibm.ws.app.manager.war.internal.WARDeployedAppInfoFactoryImpl,class com.ibm.ws.app.manager.war.internal.WARDeployedAppInfoFactoryImpl,[webcontainer, applications, app.manager],com.ibm.ws.app.manager.war.internal.resources.Messages,null]"
    deployedAppServices = class com.ibm.ws.app.manager.module.internal.DeployedAppServicesImpl@1cb6f8a1
      SERVER_APPS_DIR = "${server.output.dir}/apps/"
      EXPANDED_APPS_DIR = "${server.output.dir}/apps/expanded/"
      bundleContext = class org.eclipse.osgi.internal.framework.BundleContextImpl@593d84e2
      applicationInfoFactory = class com.ibm.ws.container.service.app.deploy.internal.ApplicationInfoFactoryImpl@1611f756
      futureMonitor = class com.ibm.ws.threading.internal.FutureMonitorImpl@1643b512
      classLoadingService = class com.ibm.ws.classloading.internal.ClassLoadingServiceImpl@12dbc56f
      globalSharedLibrary = class com.ibm.ws.library.internal.SharedLibraryImpl@2654ef39
      globalSharedLibraryPid = "com.ibm.ws.classloading.sharedlibrary_20"
      configAdmin = class com.ibm.ws.config.admin.internal.ConfigurationAdminImpl@7362690d
      metaDataService = class com.ibm.ws.container.service.metadata.internal.MetaDataServiceImpl@31a67500
      stateChangeService = class com.ibm.ws.container.service.state.internal.StateChangeServiceImpl@19d05e32
      allModuleTypes = class java.lang.String[4]
      moduleMetaDataExtenders = class java.util.concurrent.ConcurrentHashMap@26eccbf8
      nestedModuleMetaDataFactories = class java.util.concurrent.ConcurrentHashMap@2740d53b
      permissionManager = class com.ibm.ws.classloading.java2sec.PermissionManager@470afadf
      locAdmin = class com.ibm.ws.kernel.service.location.internal.WsLocationAdminImpl@26d74554
      artifactFactory = class com.ibm.ws.artifact.internal.ArtifactContainerFactoryService@21b76e52
      moduleFactory = class com.ibm.ws.adaptable.module.internal.AdaptableModuleFactoryImpl@6a24efb4
      serialVersionUID = 8537801607979767986
      $$$tc$$$ = class com.ibm.websphere.ras.TraceComponent@112a1fcb
    webModuleHandler = class com.ibm.ws.app.manager.web.internal.WebModuleHandlerImpl@178161b
      serialVersionUID = 4795602325763828210
      $$$tc$$$ = class com.ibm.websphere.ras.TraceComponent@718fb4df
      futureMonitor = class com.ibm.ws.threading.internal.FutureMonitorImpl@1643b512
      metaDataService = class com.ibm.ws.container.service.metadata.internal.MetaDataServiceImpl@31a67500
      stateChangeService = class com.ibm.ws.container.service.state.internal.StateChangeServiceImpl@19d05e32
      moduleRuntimeContainer = class com.ibm.ws.webcontainer.osgi.WebContainer@527ac695
      firstFailure = null
      serialVersionUID = -4563697739413190872
      $$$tc$$$ = class com.ibm.websphere.ras.TraceComponent@69343732
    applicationManager = class com.ibm.ws.app.manager.ApplicationManager@112eb8fd
      expandApps = true
      useJandex = false
      startTimeout = 30
      stopTimeout = 30
      extractedLog = class java.io.File@fa7639e
      extractsDataLog = class java.util.concurrent.ConcurrentHashMap@dab191f
      serialVersionUID = -5498707950408457980
      $$$tc$$$ = class com.ibm.websphere.ras.TraceComponent@36c2781
    serialVersionUID = -7594168883236154685
    serialVersionUID = 6498862425241821545
    $$$tc$$$ = class com.ibm.websphere.ras.TraceComponent@5352c47a
      strings[0] = "TraceComponent[com.ibm.ws.app.manager.module.AbstractDeployedAppInfoFactory,class com.ibm.ws.app.manager.module.AbstractDeployedAppInfoFactory,[applications, app.manager],null,null]"
  serialVersionUID = 4622845147410944782
  $$$tc$$$ = class com.ibm.websphere.ras.TraceComponent@154a5d00
    strings[0] = "TraceComponent[com.ibm.ws.app.manager.war.internal.WARApplicationHandlerImpl,class com.ibm.ws.app.manager.war.internal.WARApplicationHandlerImpl,[webcontainer, applications, app.manager],com.ibm.ws.app.manager.war.internal.resources.Messages,null]"

Dump of objectArray[0]
Object type = com.ibm.ws.app.manager.internal.ApplicationInstallInfo
  _config = class com.ibm.ws.app.manager.internal.ApplicationConfig@52cb8ad2
    tc = class com.ibm.websphere.ras.TraceComponent@738b974c
      strings[0] = "TraceComponent[com.ibm.ws.app.manager.internal.ApplicationConfig,class com.ibm.ws.app.manager.internal.ApplicationConfig,[applications, app.manager],com.ibm.ws.app.manager.internal.resources.AppManagerMessages,null]"
    _configPid = "com.ibm.ws.app.manager_28"
    _config = class com.ibm.ws.config.admin.ConfigurationDictionary@6da36cdc
      serialVersionUID = 7966152868712543805
      simpleTypes = class java.util.Arrays$ArrayList@641b624a
      primitiveArrayTypes = class java.util.Arrays$ArrayList@6ef925fa
      simpleArrayTypes = class java.util.Arrays$ArrayList@26bbfbda
      extendedTypes = class java.util.Arrays$ArrayList@68483764
      CASE_INSENSITIVE = class com.ibm.ws.config.admin.ConfigurationDictionary$CaseInsensitive@57fe0115
      properties = class java.util.Collections$SynchronizedMap@700f38e5
    _applicationManager = class com.ibm.ws.app.manager.ApplicationManager@112eb8fd
      expandApps = true
      useJandex = false
      startTimeout = 30
      stopTimeout = 30
      extractedLog = class java.io.File@fa7639e
      extractsDataLog = class java.util.concurrent.ConcurrentHashMap@dab191f
      serialVersionUID = -5498707950408457980
      $$$tc$$$ = class com.ibm.websphere.ras.TraceComponent@36c2781
    _location = "C:\werkplaats\Jax-RS\target\liberty\wlp\usr\servers\defaultServer\dropins\Jax-RS-1.0-SNAPSHOT.war"
    _type = "war"
    _name = "Jax-RS-1.0-SNAPSHOT"
    _notificationBroadcasterSupport = class javax.management.NotificationBroadcasterSupport@75b5b883
      listenerList = class java.util.concurrent.CopyOnWriteArrayList@1a48d4fc
      executor = class com.ibm.ws.threading.internal.ExecutorServiceImpl@2b3cda8c
      notifInfo = class javax.management.MBeanNotificationInfo[2]
      defaultExecutor = class javax.management.NotificationBroadcasterSupport$1@11f6fb47
      NO_NOTIFICATION_INFO = class javax.management.MBeanNotificationInfo[0]
      logger = class com.sun.jmx.remote.util.ClassLogger@f70a310
    ONE_TIME_JANDEX_MSGS_DISPLAYED = true
    serialVersionUID = -2151423388299667431
  _handlerInfo = class java.util.concurrent.atomic.AtomicReference@3700b5b7
    serialVersionUID = -1848883965231344442
    unsafe = class sun.misc.Unsafe@5eae53f3
    valueOffset = 12
    value = null
  _container = class java.util.concurrent.atomic.AtomicReference@43d4e816
    serialVersionUID = -1848883965231344442
    unsafe = class sun.misc.Unsafe@5eae53f3
      theUnsafe = class sun.misc.Unsafe@5eae53f3
      INVALID_FIELD_OFFSET = -1
      ARRAY_BOOLEAN_BASE_OFFSET = 16
      ARRAY_BYTE_BASE_OFFSET = 16
      ARRAY_SHORT_BASE_OFFSET = 16
      ARRAY_CHAR_BASE_OFFSET = 16
      ARRAY_INT_BASE_OFFSET = 16
      ARRAY_LONG_BASE_OFFSET = 16
      ARRAY_FLOAT_BASE_OFFSET = 16
      ARRAY_DOUBLE_BASE_OFFSET = 16
      ARRAY_OBJECT_BASE_OFFSET = 16
      ARRAY_BOOLEAN_INDEX_SCALE = 1
      ARRAY_BYTE_INDEX_SCALE = 1
      ARRAY_SHORT_INDEX_SCALE = 2
      ARRAY_CHAR_INDEX_SCALE = 2
      ARRAY_INT_INDEX_SCALE = 4
      ARRAY_LONG_INDEX_SCALE = 8
      ARRAY_FLOAT_INDEX_SCALE = 4
      ARRAY_DOUBLE_INDEX_SCALE = 8
      ARRAY_OBJECT_INDEX_SCALE = 4
      ADDRESS_SIZE = 8
    valueOffset = 12
    value = class com.ibm.ws.adaptable.module.internal.AdaptableContainerImpl@4afa02e1
      root = class com.ibm.ws.adaptable.module.internal.AdaptableContainerImpl@4afa02e1
      rootOverlay = class com.ibm.ws.artifact.overlay.internal.DirectoryBasedOverlayContainerImpl@4b8ca970
      factoryHolder = class com.ibm.ws.adaptable.module.internal.AdaptableModuleFactoryImpl@6a24efb4
      delegate = class com.ibm.ws.artifact.overlay.internal.DirectoryBasedOverlayContainerImpl@4b8ca970
      notifier = null
      serialVersionUID = -5950528200509051684
      $$$tc$$$ = class com.ibm.websphere.ras.TraceComponent@f0eff86
  _resolvedLocation = class java.util.concurrent.atomic.AtomicReference@59966008
    serialVersionUID = -1848883965231344442
    unsafe = class sun.misc.Unsafe@5eae53f3
    valueOffset = 12
    value = class com.ibm.ws.kernel.service.location.internal.LocalFileResource@13635c06
      strings[0] = "LocalFileResource[FILE;@861915983;<undefined>;C:/werkplaats/Jax-RS/target/liberty/wlp/usr/servers/defaultServer/dropins/Jax-RS-1.0-SNAPSHOT.war.xml]"
  _handler = class com.ibm.ws.app.manager.war.internal.WARApplicationHandlerImpl@23146376
    futureMonitor = class com.ibm.ws.threading.internal.FutureMonitorImpl@1643b512
      _monitor = class java.util.concurrent.ConcurrentLinkedQueue@4acf232
      _executor = class com.ibm.ws.threading.internal.ScheduledExecutorImpl@4233e02
      _threadRunning = class java.util.concurrent.atomic.AtomicBoolean@f43f0b1
      _thread = class com.ibm.ws.threading.internal.FutureMonitorImpl$1@7f68a81c
      serialVersionUID = 2765238413969174390
      $$$tc$$$ = class com.ibm.websphere.ras.TraceComponent@2c385016
    deployedAppFactory = class com.ibm.ws.app.manager.war.internal.WARDeployedAppInfoFactoryImpl@198d2ad7
      tc = class com.ibm.websphere.ras.TraceComponent@14cf37a8
      deployedAppServices = class com.ibm.ws.app.manager.module.internal.DeployedAppServicesImpl@1cb6f8a1
      webModuleHandler = class com.ibm.ws.app.manager.web.internal.WebModuleHandlerImpl@178161b
      applicationManager = class com.ibm.ws.app.manager.ApplicationManager@112eb8fd
      serialVersionUID = -7594168883236154685
      serialVersionUID = 6498862425241821545
      $$$tc$$$ = class com.ibm.websphere.ras.TraceComponent@5352c47a
    serialVersionUID = 4622845147410944782
    $$$tc$$$ = class com.ibm.websphere.ras.TraceComponent@154a5d00
      strings[0] = "TraceComponent[com.ibm.ws.app.manager.war.internal.WARApplicationHandlerImpl,class com.ibm.ws.app.manager.war.internal.WARApplicationHandlerImpl,[webcontainer, applications, app.manager],com.ibm.ws.app.manager.war.internal.resources.Messages,null]"
  _ami = class java.util.concurrent.atomic.AtomicReference@5705ecf2
    serialVersionUID = -1848883965231344442
    unsafe = class sun.misc.Unsafe@5eae53f3
    valueOffset = 12
    value = null
  _updateHandler = class com.ibm.ws.app.manager.internal.statemachine.ApplicationStateMachineImpl@651a46a8
    _tc = class com.ibm.websphere.ras.TraceComponent@54e0e8b9
      strings[0] = "TraceComponent[com.ibm.ws.app.manager.internal.statemachine.ApplicationStateMachineImpl,class com.ibm.ws.app.manager.internal.statemachine.ApplicationStateMachineImpl,[applications, app.manager],com.ibm.ws.app.manager.internal.resources.AppManagerMessages,null]"
    EMPTY_FUTURE_ARRAY = interface java.util.concurrent.Future[0]
    asmSequenceNumber = class java.util.concurrent.atomic.AtomicLong@16a9645
      serialVersionUID = 1927816293512124184
      unsafe = class sun.misc.Unsafe@5eae53f3
      valueOffset = 16
      VM_SUPPORTS_LONG_CAS = true
      value = 1
      serialVersionUID = -8742448824652078965
    _qscaCounter = class java.util.concurrent.atomic.AtomicInteger@6b162040
      serialVersionUID = 6214790243416807050
      unsafe = class sun.misc.Unsafe@5eae53f3
      valueOffset = 12
      value = 5
      serialVersionUID = -8742448824652078965
    _failedThrowable = null
    _interruptibleLock = class com.ibm.ws.app.manager.internal.statemachine.ApplicationStateMachineImpl$2@130c23ac
      this$0 = class com.ibm.ws.app.manager.internal.statemachine.ApplicationStateMachineImpl@651a46a8
      serialVersionUID = 1428897424970146289
      $$$tc$$$ = class com.ibm.websphere.ras.TraceComponent@4a6a107a
    _interruptible = false
    _performingQueuedActions = true
    _queuedActions = class java.util.concurrent.ConcurrentLinkedQueue@24141863
      serialVersionUID = 196745693267521676
      head = class java.util.concurrent.ConcurrentLinkedQueue$Node@53c37936
      tail = class java.util.concurrent.ConcurrentLinkedQueue$Node@4211858c
      UNSAFE = class sun.misc.Unsafe@5eae53f3
      headOffset = 12
      tailOffset = 16
      MAX_ARRAY_SIZE = 2147483639
    _callbackState = class java.util.concurrent.atomic.AtomicReference@71996a1a
      serialVersionUID = -1848883965231344442
      unsafe = class sun.misc.Unsafe@5eae53f3
      valueOffset = 12
      value = class com.ibm.ws.app.manager.internal.statemachine.ApplicationStateMachineImpl$CallbackState@6900ddf0
    blockAppStartingFutures = class java.util.Collections$SetFromMap@2bd74049
      m = class java.util.concurrent.ConcurrentHashMap@506e908e
      s = class java.util.concurrent.ConcurrentHashMap$KeySetView@43d30a21
      serialVersionUID = 2454657854757543876
      MAX_ARRAY_SIZE = 2147483639
    waitingForAppHandlerFuture = class java.util.concurrent.atomic.AtomicReference@593407dc
      serialVersionUID = -1848883965231344442
      unsafe = class sun.misc.Unsafe@5eae53f3
      valueOffset = 12
      value = class com.ibm.ws.app.manager.internal.ApplicationDependency@73108d0d
    waitingForExplicitStartFuture = class java.util.concurrent.atomic.AtomicReference@5de7db99
      serialVersionUID = -1848883965231344442
      unsafe = class sun.misc.Unsafe@5eae53f3
      valueOffset = 12
      value = null
    startAfterFutures = class java.util.Collections$SetFromMap@6714a385
      m = class java.util.concurrent.ConcurrentHashMap@7c847e94
      s = class java.util.concurrent.ConcurrentHashMap$KeySetView@5d0843a8
      serialVersionUID = 2454657854757543876
      MAX_ARRAY_SIZE = 2147483639
    completionListener = class java.util.concurrent.atomic.AtomicReference@76d07226
      serialVersionUID = -1848883965231344442
      unsafe = class sun.misc.Unsafe@5eae53f3
      valueOffset = 12
      value = null
    _notifyAppStopped = class java.util.concurrent.ConcurrentLinkedQueue@f2391c7
      serialVersionUID = 196745693267521676
      head = class java.util.concurrent.ConcurrentLinkedQueue$Node@64f726ca
      tail = class java.util.concurrent.ConcurrentLinkedQueue$Node@55688bef
      UNSAFE = class sun.misc.Unsafe@5eae53f3
      headOffset = 12
      tailOffset = 16
      MAX_ARRAY_SIZE = 2147483639
    _notifyAppStarting = class java.util.concurrent.ConcurrentLinkedQueue@6c7ba8a9
      serialVersionUID = 196745693267521676
      head = class java.util.concurrent.ConcurrentLinkedQueue$Node@180d3d34
      tail = class java.util.concurrent.ConcurrentLinkedQueue$Node@61de5e1c
      UNSAFE = class sun.misc.Unsafe@5eae53f3
      headOffset = 12
      tailOffset = 16
      MAX_ARRAY_SIZE = 2147483639
    _notifyAppInstallCalled = class java.util.concurrent.ConcurrentLinkedQueue@2eb13628
      serialVersionUID = 196745693267521676
      head = class java.util.concurrent.ConcurrentLinkedQueue$Node@3e71fc6d
      tail = class java.util.concurrent.ConcurrentLinkedQueue$Node@217bfd08
      UNSAFE = class sun.misc.Unsafe@5eae53f3
      headOffset = 12
      tailOffset = 16
      MAX_ARRAY_SIZE = 2147483639
    _notifyAppStarted = class java.util.concurrent.ConcurrentLinkedQueue@5b05309a
      serialVersionUID = 196745693267521676
      head = class java.util.concurrent.ConcurrentLinkedQueue$Node@738aaa8d
      tail = class java.util.concurrent.ConcurrentLinkedQueue$Node@12d655a
      UNSAFE = class sun.misc.Unsafe@5eae53f3
      headOffset = 12
      tailOffset = 16
      MAX_ARRAY_SIZE = 2147483639
    _notifyAppRemoved = class java.util.concurrent.ConcurrentLinkedQueue@483b2f94
      serialVersionUID = 196745693267521676
      head = class java.util.concurrent.ConcurrentLinkedQueue$Node@2248dec3
      tail = class java.util.concurrent.ConcurrentLinkedQueue$Node@2248dec3
      UNSAFE = class sun.misc.Unsafe@5eae53f3
      headOffset = 12
      tailOffset = 16
      MAX_ARRAY_SIZE = 2147483639
    _stateLock = class com.ibm.ws.app.manager.internal.statemachine.ApplicationStateMachineImpl$3@7934f8da
      this$0 = class com.ibm.ws.app.manager.internal.statemachine.ApplicationStateMachineImpl@651a46a8
      serialVersionUID = -2844785999478513305
      $$$tc$$$ = class com.ibm.websphere.ras.TraceComponent@2dedd087
    _internalState = class java.util.concurrent.atomic.AtomicReference@5e9381a2
      serialVersionUID = -1848883965231344442
      unsafe = class sun.misc.Unsafe@5eae53f3
      valueOffset = 12
      value = class com.ibm.ws.app.manager.internal.statemachine.ApplicationStateMachineImpl$InternalState@52498a3b
    _currentAction = class java.util.concurrent.atomic.AtomicReference@2ce0fb0a
      serialVersionUID = -1848883965231344442
      unsafe = class sun.misc.Unsafe@5eae53f3
      valueOffset = 12
      value = class com.ibm.ws.app.manager.internal.statemachine.StartAction@55c74993
    _rfa = class java.util.concurrent.atomic.AtomicReference@3d36368d
      serialVersionUID = -1848883965231344442
      unsafe = class sun.misc.Unsafe@5eae53f3
      valueOffset = 12
      value = null
    _appInstallInfo = class java.util.concurrent.atomic.AtomicReference@631afbd9
      serialVersionUID = -1848883965231344442
      unsafe = class sun.misc.Unsafe@5eae53f3
      valueOffset = 12
      value = class com.ibm.ws.app.manager.internal.ApplicationInstallInfo@739d38bc
    _update = class java.util.concurrent.atomic.AtomicBoolean@21c6f889
      serialVersionUID = 4654671469794556979
      unsafe = class sun.misc.Unsafe@5eae53f3
      valueOffset = 12
      value = 1
    _appConfig = class java.util.concurrent.atomic.AtomicReference@ad56f10
      serialVersionUID = -1848883965231344442
      unsafe = class sun.misc.Unsafe@5eae53f3
      valueOffset = 12
      value = class com.ibm.ws.app.manager.internal.ApplicationConfig@52cb8ad2
    _nextAppConfig = class java.util.concurrent.atomic.AtomicReference@65bb299
      serialVersionUID = -1848883965231344442
      unsafe = class sun.misc.Unsafe@5eae53f3
      valueOffset = 12
      value = null
    _appContainer = class java.util.concurrent.atomic.AtomicReference@322b45b8
      serialVersionUID = -1848883965231344442
      unsafe = class sun.misc.Unsafe@5eae53f3
      valueOffset = 12
      value = null
    _resolvedLocation = class java.util.concurrent.atomic.AtomicReference@243fe1c4
      serialVersionUID = -1848883965231344442
      unsafe = class sun.misc.Unsafe@5eae53f3
      valueOffset = 12
      value = null
    _handler = class java.util.concurrent.atomic.AtomicReference@533b7bc
      serialVersionUID = -1848883965231344442
      unsafe = class sun.misc.Unsafe@5eae53f3
      valueOffset = 12
      value = class com.ibm.ws.app.manager.war.internal.WARApplicationHandlerImpl@23146376
    _asmSeqNo = 0
    _ctx = class org.eclipse.osgi.internal.framework.BundleContextImpl@37370a9e
      findHookName = "org.osgi.framework.hooks.bundle.FindHook"
      valid = true
      bundle = class org.eclipse.osgi.internal.framework.EquinoxBundle@447aabce
      container = class org.eclipse.osgi.internal.framework.EquinoxContainer@15ea895c
      debug = class org.eclipse.osgi.internal.debug.Debug@5bf9fad1
      servicesInUse = class java.util.HashMap@19fd3180
      activator = null
      contextLock = class java.lang.Object@44619503
    _locAdmin = class com.ibm.ws.kernel.service.location.internal.WsLocationAdminImpl@26d74554
      tc = class com.ibm.websphere.ras.TraceComponent@650dfc6a
      LOC_INTERNAL_LIB_DIR = "wlp.lib.dir"
      LOC_INTERNAL_WORKAREA_DIR = "wlp.workarea.dir"
      LOC_AREA_NAME_APPS = "shared/apps/"
      LOC_AREA_NAME_CONFIG = "shared/config/"
      LOC_AREA_NAME_RESC = "shared/resources/"
      LOC_AREA_NAME_STATE = "logs/state/"
      LOC_AREA_NAME_SERVERS = "servers/"
      LOC_AREA_NAME_CLIENTS = "clients/"
      LOC_AREA_NAME_WORKING = "workarea/"
      LOC_AREA_NAME_EXTENSION = "extension/"
      instance = class com.ibm.ws.kernel.service.location.internal.WsLocationAdminImpl@26d74554
      installRoot = class com.ibm.ws.kernel.service.location.internal.SymbolicRootResource@691cdf9b
      installParentRoot = class com.ibm.ws.kernel.service.location.internal.SymbolicRootResource@48d4368e
      userRoot = class com.ibm.ws.kernel.service.location.internal.SymbolicRootResource@5818e149
      usrExtensionRoot = class com.ibm.ws.kernel.service.location.internal.SymbolicRootResource@a374d55
      serverConfigDir = class com.ibm.ws.kernel.service.location.internal.SymbolicRootResource@558bb8f
      serverOutputDir = class com.ibm.ws.kernel.service.location.internal.SymbolicRootResource@558bb8f
      bootstrapLib = class com.ibm.ws.kernel.service.location.internal.LocalFileResource@6cd19dec
      serverWorkarea = class com.ibm.ws.kernel.service.location.internal.LocalFileResource@735c3b96
      serverState = class com.ibm.ws.kernel.service.location.internal.LocalFileResource@43318d4d
      sharedAppsRoot = class com.ibm.ws.kernel.service.location.internal.SymbolicRootResource@375c267
      sharedConfigRoot = class com.ibm.ws.kernel.service.location.internal.SymbolicRootResource@632b1118
      sharedResourceRoot = class com.ibm.ws.kernel.service.location.internal.SymbolicRootResource@71390660
      tmpRoot = class com.ibm.ws.kernel.service.location.internal.SymbolicRootResource@3eadb6ef
      serverName = "defaultServer"
      resourcePaths = class java.util.ArrayList@13e63da7
      resourceGroups = class java.util.HashMap@28fe5d12
      commonRoot = class com.ibm.ws.kernel.service.location.internal.VirtualRootResource@114d546b
      serialVersionUID = -5748835026800463299
    _futureMonitor = class com.ibm.ws.threading.internal.FutureMonitorImpl@1643b512
    _artifactFactory = class com.ibm.ws.artifact.internal.ArtifactContainerFactoryService@21b76e52
      CATEGORY_PROP_NAME = "category"
      ENTRY_KEY = "com.ibm.wsspi.artifact.ArtifactEntry"
      helperMap = class com.ibm.wsspi.kernel.service.utils.ConcurrentServiceReferenceSetMap@167d72f5
      contributorMap = class com.ibm.wsspi.kernel.service.utils.ConcurrentServiceReferenceSetMap@367a308a
      helperCategoryMap = class com.ibm.wsspi.kernel.service.utils.ConcurrentServiceReferenceSetMap@4e32fa36
      contributorCategoryMap = class com.ibm.wsspi.kernel.service.utils.ConcurrentServiceReferenceSetMap@622f09c8
      categories = class java.util.Collections$SynchronizedSet@1fb835a2
      baseProperties = class org.apache.felix.scr.impl.helper.ReadOnlyDictionary@78a1a8bf
      registration = class com.ibm.ws.kernel.service.util.ServiceRegistrationModifier@219b1ed7
      serialVersionUID = 6566424214406946230
      $$$tc$$$ = class com.ibm.websphere.ras.TraceComponent@412cce60
    _moduleFactory = class com.ibm.ws.adaptable.module.internal.AdaptableModuleFactoryImpl@6a24efb4
      adapterFactoryService = class com.ibm.ws.adaptable.module.internal.AdapterFactoryServiceImpl@593f286
      containerFactory = class com.ibm.ws.artifact.internal.ArtifactContainerFactoryService@21b76e52
      overlayContainerFactory = class com.ibm.ws.artifact.overlay.internal.OverlayContainerFactoryImpl@6c236c9f
      serialVersionUID = 4200251809856292987
      $$$tc$$$ = class com.ibm.websphere.ras.TraceComponent@52ccc2ea
    _executorService = class com.ibm.ws.threading.internal.ExecutorServiceImpl@2b3cda8c
      threadPool = class java.util.concurrent.ThreadPoolExecutor@1263273
      threadPoolController = class com.ibm.ws.threading.internal.ThreadPoolController@10bdc0ec
      poolName = "Default Executor"
      MINIMUM_POOL_SIZE = 4
      componentConfig = class org.apache.felix.scr.impl.helper.ReadOnlyDictionary@26e73a90
      interceptorsActive = false
      interceptors = class java.util.concurrent.CopyOnWriteArraySet@70b9e6ba
      threadFactory = null
      serverStopping = false
      phaser = class java.util.concurrent.Phaser@403ce774
      serialVersionUID = 6930666794455919448
      $$$tc$$$ = class com.ibm.websphere.ras.TraceComponent@235c1017
    _scheduledExecutorService = class com.ibm.ws.threading.internal.ScheduledExecutorImpl@4233e02
      threadGroupName = "Scheduled Executor Thread Group"
      executor = class com.ibm.ws.threading.internal.ExecutorServiceImpl@2b3cda8c
      serialVersionUID = -9110693807503469597
      $$$tc$$$ = class com.ibm.websphere.ras.TraceComponent@2dfe099b
      continueExistingPeriodicTasksAfterShutdown = false
      executeExistingDelayedTasksAfterShutdown = true
      removeOnCancel = false
      sequencer = class java.util.concurrent.atomic.AtomicLong@645cba
      ctl = class java.util.concurrent.atomic.AtomicInteger@41ed5a63
      COUNT_BITS = 29
      CAPACITY = 536870911
      RUNNING = -536870912
      SHUTDOWN = 0
      STOP = 536870912
      TIDYING = 1073741824
      TERMINATED = 1610612736
      workQueue = class java.util.concurrent.ScheduledThreadPoolExecutor$DelayedWorkQueue@2560ebf3
      mainLock = class java.util.concurrent.locks.ReentrantLock@6845bd69
      workers = class java.util.HashSet@4ae6ad57
      termination = class java.util.concurrent.locks.AbstractQueuedSynchronizer$ConditionObject@61f3c82a
      largestPoolSize = 1
      completedTaskCount = 0
      threadFactory = class com.ibm.ws.threading.internal.ThreadFactoryImpl@685db75
      handler = class java.util.concurrent.ThreadPoolExecutor$AbortPolicy@79f642e7
      keepAliveTime = 0
      allowCoreThreadTimeOut = false
      corePoolSize = 1
      maximumPoolSize = 2147483647
      defaultHandler = class java.util.concurrent.ThreadPoolExecutor$AbortPolicy@79f642e7
      shutdownPerm = class java.lang.RuntimePermission@63b776b
      acc = null
      ONLY_ONE = true
      $assertionsDisabled = true
    _asmHelper = class com.ibm.ws.app.manager.internal.ApplicationConfigurator$NamedApplication@691b82d3
      appName = "Jax-RS-1.0-SNAPSHOT"
      configPid = "com.ibm.ws.app.manager_28"
      bundleContext = class org.eclipse.osgi.internal.framework.BundleContextImpl@37370a9e
      mbeanNotifier = class javax.management.NotificationBroadcasterSupport@75b5b883
      sequence = class java.util.concurrent.atomic.AtomicLong@1fb39980
      appConfig = class com.ibm.ws.app.manager.internal.ApplicationConfig@52cb8ad2
      asm = class com.ibm.ws.app.manager.internal.statemachine.ApplicationStateMachineImpl@651a46a8
      appTypeSupport = class com.ibm.ws.app.manager.internal.ApplicationConfigurator$ApplicationTypeSupport@479a4b55
      appRecycleContext = null
      appStateRef = class java.util.concurrent.atomic.AtomicReference@4e10accc
      appReg = class com.ibm.ws.app.manager.internal.lifecycle.ServiceReg@219017a3
      mbeanReg = class com.ibm.ws.app.manager.internal.lifecycle.ServiceReg@226cf588
      dynamicMBean = class java.util.concurrent.atomic.AtomicReference@3739c273
      serialVersionUID = -2429219244222002679
      $$$tc$$$ = class com.ibm.websphere.ras.TraceComponent@7def044e
    _appMonitor = class com.ibm.ws.app.manager.internal.monitor.ApplicationMonitor@5e2702f9
      tc = class com.ibm.websphere.ras.TraceComponent@6a4dfb59
      _config = class java.util.concurrent.atomic.AtomicReference@727014a2
      _executorService = class java.util.concurrent.atomic.AtomicReference@c9d2459
      _appListeners = class java.util.concurrent.ConcurrentHashMap@28533fa4
      serialVersionUID = -6677716415972806660
    enterStateCalled = class java.util.concurrent.atomic.AtomicBoolean@36c99a00
      serialVersionUID = 4654671469794556979
      unsafe = class sun.misc.Unsafe@5eae53f3
      valueOffset = 12
      value = 1
    serialVersionUID = -6687078902976391966
    serialVersionUID = 300267208965883056
    $$$tc$$$ = class com.ibm.websphere.ras.TraceComponent@7dbcd123
      strings[0] = "TraceComponent[com.ibm.ws.app.manager.internal.statemachine.ApplicationStateMachine,class com.ibm.ws.app.manager.internal.statemachine.ApplicationStateMachine,[applications, app.manager],com.ibm.ws.app.manager.internal.resources.AppManagerMessages,null]"
  serialVersionUID = 2630639237123415755
  $$$tc$$$ = class com.ibm.websphere.ras.TraceComponent@1cfb6efe
    strings[0] = "TraceComponent[com.ibm.ws.app.manager.internal.ApplicationInstallInfo,class com.ibm.ws.app.manager.internal.ApplicationInstallInfo,[applications, app.manager],com.ibm.ws.app.manager.internal.resources.AppManagerMessages,null]"

