------Start of DE processing------ = [30-11-20 15:58:19:567 CET]
Exception = java.lang.IllegalStateException
Source = com.ibm.ws.app.manager.internal.statemachine.StartAction
probeid = 150
Stack Dump = java.lang.IllegalStateException: com.ibm.wsspi.adaptable.module.UnableToAdaptException: com.ibm.ws.javaee.ddmodel.DDParser$ParseException: CWWKC2272E: An error occurred while parsing the /WEB-INF/web.xml deployment descriptor on line 1. The error message was: ParseError at [row,col]:[1,1]
Message: Premature end of file.
	at com.ibm.ws.app.manager.war.internal.WARApplicationHandlerImpl.setUpApplicationMonitoring(WARApplicationHandlerImpl.java:52)
	at com.ibm.ws.app.manager.internal.statemachine.StartAction.execute(StartAction.java:139)
	at com.ibm.ws.app.manager.internal.statemachine.ApplicationStateMachineImpl.enterState(ApplicationStateMachineImpl.java:1317)
	at com.ibm.ws.app.manager.internal.statemachine.ApplicationStateMachineImpl.performAction(ApplicationStateMachineImpl.java:1182)
	at com.ibm.ws.app.manager.internal.statemachine.ApplicationStateMachineImpl.run(ApplicationStateMachineImpl.java:905)
	at com.ibm.ws.threading.internal.ExecutorServiceImpl$RunnableWrapper.run(ExecutorServiceImpl.java:239)
	at java.util.concurrent.ThreadPoolExecutor.runWorker(ThreadPoolExecutor.java:1149)
	at java.util.concurrent.ThreadPoolExecutor$Worker.run(ThreadPoolExecutor.java:624)
	at java.lang.Thread.run(Thread.java:748)
Caused by: com.ibm.wsspi.adaptable.module.UnableToAdaptException: com.ibm.ws.javaee.ddmodel.DDParser$ParseException: CWWKC2272E: An error occurred while parsing the /WEB-INF/web.xml deployment descriptor on line 1. The error message was: ParseError at [row,col]:[1,1]
Message: Premature end of file.
	at com.ibm.ws.javaee.ddmodel.web.WebAppEntryAdapter.adapt(WebAppEntryAdapter.java:61)
	at com.ibm.ws.javaee.ddmodel.web.WebAppEntryAdapter.adapt(WebAppEntryAdapter.java:26)
	at com.ibm.ws.adaptable.module.internal.AdapterFactoryServiceImpl.adapt(AdapterFactoryServiceImpl.java:231)
	at com.ibm.ws.adaptable.module.internal.AdaptableEntryImpl.adapt(AdaptableEntryImpl.java:121)
	at com.ibm.ws.javaee.ddmodel.web.WebAppAdapter.adapt(WebAppAdapter.java:38)
	at com.ibm.ws.javaee.ddmodel.web.WebAppAdapter.adapt(WebAppAdapter.java:24)
	at com.ibm.ws.adaptable.module.internal.AdapterFactoryServiceImpl.adapt(AdapterFactoryServiceImpl.java:200)
	at com.ibm.ws.adaptable.module.internal.AdaptableContainerImpl.adapt(AdaptableContainerImpl.java:174)
	at com.ibm.ws.app.manager.module.internal.SimpleDeployedAppInfoBase$ModuleContainerInfoBase.<init>(SimpleDeployedAppInfoBase.java:171)
	at com.ibm.ws.app.manager.module.internal.SimpleDeployedAppInfoBase$WebModuleContainerInfo.<init>(SimpleDeployedAppInfoBase.java:352)
	at com.ibm.ws.app.manager.war.internal.WARDeployedAppInfo.<init>(WARDeployedAppInfo.java:65)
	at com.ibm.ws.app.manager.war.internal.WARDeployedAppInfoFactoryImpl.createDeployedAppInfo(WARDeployedAppInfoFactoryImpl.java:120)
	at com.ibm.ws.app.manager.war.internal.WARDeployedAppInfoFactoryImpl.createDeployedAppInfo(WARDeployedAppInfoFactoryImpl.java:35)
	at com.ibm.ws.app.manager.war.internal.WARApplicationHandlerImpl.setUpApplicationMonitoring(WARApplicationHandlerImpl.java:50)
	... 8 more
Caused by: com.ibm.ws.javaee.ddmodel.DDParser$ParseException: CWWKC2272E: An error occurred while parsing the /WEB-INF/web.xml deployment descriptor on line 1. The error message was: ParseError at [row,col]:[1,1]
Message: Premature end of file.
	at com.ibm.ws.javaee.ddmodel.DDParser.parseToRootElement(DDParser.java:429)
	at com.ibm.ws.javaee.ddmodel.DDParser.parseRootElement(DDParser.java:584)
	at com.ibm.ws.javaee.ddmodel.web.WebAppDDParser.parse(WebAppDDParser.java:32)
	at com.ibm.ws.javaee.ddmodel.web.WebAppEntryAdapter.adapt(WebAppEntryAdapter.java:59)
	... 21 more
Caused by: javax.xml.stream.XMLStreamException: ParseError at [row,col]:[1,1]
Message: Premature end of file.
	at com.sun.org.apache.xerces.internal.impl.XMLStreamReaderImpl.next(XMLStreamReaderImpl.java:604)
	at com.ibm.ws.javaee.ddmodel.DDParser.parseToRootElement(DDParser.java:426)
	... 24 more

Dump of callerThis
Object type = com.ibm.ws.app.manager.internal.statemachine.StartAction
  _tc = class com.ibm.websphere.ras.TraceComponent@4a76f386
    strings[0] = "TraceComponent[com.ibm.ws.app.manager.internal.statemachine.StartAction,class com.ibm.ws.app.manager.internal.statemachine.StartAction,[applications, app.manager],com.ibm.ws.app.manager.internal.resources.AppManagerMessages,null]"
  _config = class com.ibm.ws.app.manager.internal.ApplicationConfig@52cb8ad2
    tc = class com.ibm.websphere.ras.TraceComponent@738b974c
      strings[0] = "TraceComponent[com.ibm.ws.app.manager.internal.ApplicationConfig,class com.ibm.ws.app.manager.internal.ApplicationConfig,[applications, app.manager],com.ibm.ws.app.manager.internal.resources.AppManagerMessages,null]"
    _configPid = "com.ibm.ws.app.manager_28"
    _config = class com.ibm.ws.config.admin.ConfigurationDictionary@6da36cdc
      serialVersionUID = 7966152868712543805
      simpleTypes = class java.util.Arrays$ArrayList@641b624a
      primitiveArrayTypes = class java.util.Arrays$ArrayList@6ef925fa
      simpleArrayTypes = class java.util.Arrays$ArrayList@26bbfbda
      extendedTypes = class java.util.Arrays$ArrayList@68483764
      CASE_INSENSITIVE = class com.ibm.ws.config.admin.ConfigurationDictionary$CaseInsensitive@57fe0115
      properties = class java.util.Collections$SynchronizedMap@700f38e5
    _applicationManager = class com.ibm.ws.app.manager.ApplicationManager@112eb8fd
      expandApps = true
      useJandex = false
      startTimeout = 30
      stopTimeout = 30
      extractedLog = class java.io.File@fa7639e
      extractsDataLog = class java.util.concurrent.ConcurrentHashMap@dab191f
      serialVersionUID = -5498707950408457980
      $$$tc$$$ = class com.ibm.websphere.ras.TraceComponent@36c2781
    _location = "C:\werkplaats\Jax-RS\target\liberty\wlp\usr\servers\defaultServer\dropins\Jax-RS-1.0-SNAPSHOT.war"
    _type = "war"
    _name = "Jax-RS-1.0-SNAPSHOT"
    _notificationBroadcasterSupport = class javax.management.NotificationBroadcasterSupport@75b5b883
      listenerList = class java.util.concurrent.CopyOnWriteArrayList@1a48d4fc
      executor = class com.ibm.ws.threading.internal.ExecutorServiceImpl@2b3cda8c
      notifInfo = class javax.management.MBeanNotificationInfo[2]
      defaultExecutor = class javax.management.NotificationBroadcasterSupport$1@11f6fb47
      NO_NOTIFICATION_INFO = class javax.management.MBeanNotificationInfo[0]
      logger = class com.sun.jmx.remote.util.ClassLogger@f70a310
    ONE_TIME_JANDEX_MSGS_DISPLAYED = true
    serialVersionUID = -2151423388299667431
  _aii = class com.ibm.ws.app.manager.internal.ApplicationInstallInfo@739d38bc
    _config = class com.ibm.ws.app.manager.internal.ApplicationConfig@52cb8ad2
    _handlerInfo = class java.util.concurrent.atomic.AtomicReference@3700b5b7
      serialVersionUID = -1848883965231344442
      unsafe = class sun.misc.Unsafe@5eae53f3
      valueOffset = 12
      value = null
    _container = class java.util.concurrent.atomic.AtomicReference@43d4e816
      serialVersionUID = -1848883965231344442
      unsafe = class sun.misc.Unsafe@5eae53f3
      valueOffset = 12
      value = class com.ibm.ws.adaptable.module.internal.AdaptableContainerImpl@4afa02e1
    _resolvedLocation = class java.util.concurrent.atomic.AtomicReference@59966008
      serialVersionUID = -1848883965231344442
      unsafe = class sun.misc.Unsafe@5eae53f3
      valueOffset = 12
      value = class com.ibm.ws.kernel.service.location.internal.LocalFileResource@13635c06
    _handler = class com.ibm.ws.app.manager.war.internal.WARApplicationHandlerImpl@23146376
      futureMonitor = class com.ibm.ws.threading.internal.FutureMonitorImpl@1643b512
      deployedAppFactory = class com.ibm.ws.app.manager.war.internal.WARDeployedAppInfoFactoryImpl@198d2ad7
      serialVersionUID = 4622845147410944782
      $$$tc$$$ = class com.ibm.websphere.ras.TraceComponent@154a5d00
    _ami = class java.util.concurrent.atomic.AtomicReference@5705ecf2
      serialVersionUID = -1848883965231344442
      unsafe = class sun.misc.Unsafe@5eae53f3
      valueOffset = 12
      value = null
    _updateHandler = class com.ibm.ws.app.manager.internal.statemachine.ApplicationStateMachineImpl@651a46a8
      _tc = class com.ibm.websphere.ras.TraceComponent@54e0e8b9
      EMPTY_FUTURE_ARRAY = interface java.util.concurrent.Future[0]
      asmSequenceNumber = class java.util.concurrent.atomic.AtomicLong@16a9645
      _qscaCounter = class java.util.concurrent.atomic.AtomicInteger@6b162040
      _failedThrowable = null
      _interruptibleLock = class com.ibm.ws.app.manager.internal.statemachine.ApplicationStateMachineImpl$2@130c23ac
      _interruptible = false
      _performingQueuedActions = true
      _queuedActions = class java.util.concurrent.ConcurrentLinkedQueue@24141863
      _callbackState = class java.util.concurrent.atomic.AtomicReference@71996a1a
      blockAppStartingFutures = class java.util.Collections$SetFromMap@2bd74049
      waitingForAppHandlerFuture = class java.util.concurrent.atomic.AtomicReference@593407dc
      waitingForExplicitStartFuture = class java.util.concurrent.atomic.AtomicReference@5de7db99
      startAfterFutures = class java.util.Collections$SetFromMap@6714a385
      completionListener = class java.util.concurrent.atomic.AtomicReference@76d07226
      _notifyAppStopped = class java.util.concurrent.ConcurrentLinkedQueue@f2391c7
      _notifyAppStarting = class java.util.concurrent.ConcurrentLinkedQueue@6c7ba8a9
      _notifyAppInstallCalled = class java.util.concurrent.ConcurrentLinkedQueue@2eb13628
      _notifyAppStarted = class java.util.concurrent.ConcurrentLinkedQueue@5b05309a
      _notifyAppRemoved = class java.util.concurrent.ConcurrentLinkedQueue@483b2f94
      _stateLock = class com.ibm.ws.app.manager.internal.statemachine.ApplicationStateMachineImpl$3@7934f8da
      _internalState = class java.util.concurrent.atomic.AtomicReference@5e9381a2
      _currentAction = class java.util.concurrent.atomic.AtomicReference@2ce0fb0a
      _rfa = class java.util.concurrent.atomic.AtomicReference@3d36368d
      _appInstallInfo = class java.util.concurrent.atomic.AtomicReference@631afbd9
      _update = class java.util.concurrent.atomic.AtomicBoolean@21c6f889
      _appConfig = class java.util.concurrent.atomic.AtomicReference@ad56f10
      _nextAppConfig = class java.util.concurrent.atomic.AtomicReference@65bb299
      _appContainer = class java.util.concurrent.atomic.AtomicReference@322b45b8
      _resolvedLocation = class java.util.concurrent.atomic.AtomicReference@243fe1c4
      _handler = class java.util.concurrent.atomic.AtomicReference@533b7bc
      _asmSeqNo = 0
      _ctx = class org.eclipse.osgi.internal.framework.BundleContextImpl@37370a9e
      _locAdmin = class com.ibm.ws.kernel.service.location.internal.WsLocationAdminImpl@26d74554
      _futureMonitor = class com.ibm.ws.threading.internal.FutureMonitorImpl@1643b512
      _artifactFactory = class com.ibm.ws.artifact.internal.ArtifactContainerFactoryService@21b76e52
      _moduleFactory = class com.ibm.ws.adaptable.module.internal.AdaptableModuleFactoryImpl@6a24efb4
      _executorService = class com.ibm.ws.threading.internal.ExecutorServiceImpl@2b3cda8c
      _scheduledExecutorService = class com.ibm.ws.threading.internal.ScheduledExecutorImpl@4233e02
      _asmHelper = class com.ibm.ws.app.manager.internal.ApplicationConfigurator$NamedApplication@691b82d3
      _appMonitor = class com.ibm.ws.app.manager.internal.monitor.ApplicationMonitor@5e2702f9
      enterStateCalled = class java.util.concurrent.atomic.AtomicBoolean@36c99a00
      serialVersionUID = -6687078902976391966
      serialVersionUID = 300267208965883056
      $$$tc$$$ = class com.ibm.websphere.ras.TraceComponent@7dbcd123
    serialVersionUID = 2630639237123415755
    $$$tc$$$ = class com.ibm.websphere.ras.TraceComponent@1cfb6efe
      strings[0] = "TraceComponent[com.ibm.ws.app.manager.internal.ApplicationInstallInfo,class com.ibm.ws.app.manager.internal.ApplicationInstallInfo,[applications, app.manager],com.ibm.ws.app.manager.internal.resources.AppManagerMessages,null]"
  _callback = class java.util.concurrent.atomic.AtomicReference@c104c17
    serialVersionUID = -1848883965231344442
    unsafe = class sun.misc.Unsafe@5eae53f3
    valueOffset = 12
    value = class com.ibm.ws.app.manager.internal.statemachine.ApplicationStateMachineImpl$StartActionCallback@1aaccafc
      immediateCallbackResult = class java.util.concurrent.atomic.AtomicReference@683fcac5
      this$0 = class com.ibm.ws.app.manager.internal.statemachine.ApplicationStateMachineImpl@651a46a8
      serialVersionUID = 6735534421474643855
      $$$tc$$$ = class com.ibm.websphere.ras.TraceComponent@5b62956
  _monitor = class com.ibm.ws.threading.internal.FutureMonitorImpl@1643b512
    _monitor = class java.util.concurrent.ConcurrentLinkedQueue@4acf232
      serialVersionUID = 196745693267521676
      head = class java.util.concurrent.ConcurrentLinkedQueue$Node@296f7245
      tail = class java.util.concurrent.ConcurrentLinkedQueue$Node@296f7245
      UNSAFE = class sun.misc.Unsafe@5eae53f3
      headOffset = 12
      tailOffset = 16
      MAX_ARRAY_SIZE = 2147483639
    _executor = class com.ibm.ws.threading.internal.ScheduledExecutorImpl@4233e02
      threadGroupName = "Scheduled Executor Thread Group"
      executor = class com.ibm.ws.threading.internal.ExecutorServiceImpl@2b3cda8c
      serialVersionUID = -9110693807503469597
      $$$tc$$$ = class com.ibm.websphere.ras.TraceComponent@2dfe099b
      continueExistingPeriodicTasksAfterShutdown = false
      executeExistingDelayedTasksAfterShutdown = true
      removeOnCancel = false
      sequencer = class java.util.concurrent.atomic.AtomicLong@645cba
      ctl = class java.util.concurrent.atomic.AtomicInteger@41ed5a63
      COUNT_BITS = 29
      CAPACITY = 536870911
      RUNNING = -536870912
      SHUTDOWN = 0
      STOP = 536870912
      TIDYING = 1073741824
      TERMINATED = 1610612736
      workQueue = class java.util.concurrent.ScheduledThreadPoolExecutor$DelayedWorkQueue@2560ebf3
      mainLock = class java.util.concurrent.locks.ReentrantLock@6845bd69
      workers = class java.util.HashSet@4ae6ad57
      termination = class java.util.concurrent.locks.AbstractQueuedSynchronizer$ConditionObject@61f3c82a
      largestPoolSize = 1
      completedTaskCount = 0
      threadFactory = class com.ibm.ws.threading.internal.ThreadFactoryImpl@685db75
      handler = class java.util.concurrent.ThreadPoolExecutor$AbortPolicy@79f642e7
      keepAliveTime = 0
      allowCoreThreadTimeOut = false
      corePoolSize = 1
      maximumPoolSize = 2147483647
      defaultHandler = class java.util.concurrent.ThreadPoolExecutor$AbortPolicy@79f642e7
      shutdownPerm = class java.lang.RuntimePermission@63b776b
      acc = null
      ONLY_ONE = true
      $assertionsDisabled = true
    _threadRunning = class java.util.concurrent.atomic.AtomicBoolean@f43f0b1
      serialVersionUID = 4654671469794556979
      unsafe = class sun.misc.Unsafe@5eae53f3
      valueOffset = 12
      value = 0
    _thread = class com.ibm.ws.threading.internal.FutureMonitorImpl$1@7f68a81c
      this$0 = class com.ibm.ws.threading.internal.FutureMonitorImpl@1643b512
      serialVersionUID = 2422512430832938099
      $$$tc$$$ = class com.ibm.websphere.ras.TraceComponent@4e73f515
    serialVersionUID = 2765238413969174390
    $$$tc$$$ = class com.ibm.websphere.ras.TraceComponent@2c385016
      strings[0] = "TraceComponent[com.ibm.ws.threading.internal.FutureMonitorImpl,class com.ibm.ws.threading.internal.FutureMonitorImpl,[Threading],com.ibm.ws.threading.internal.resources.ThreadingMessages,null]"
  _startTime = class java.util.concurrent.atomic.AtomicLong@53c21431
    serialVersionUID = 1927816293512124184
    unsafe = class sun.misc.Unsafe@5eae53f3
    valueOffset = 16
    VM_SUPPORTS_LONG_CAS = true
    value = 1606748298660
    serialVersionUID = -8742448824652078965
  _appMonitor = class com.ibm.ws.app.manager.internal.monitor.ApplicationMonitor@5e2702f9
    tc = class com.ibm.websphere.ras.TraceComponent@6a4dfb59
      strings[0] = "TraceComponent[com.ibm.ws.app.manager.internal.monitor.ApplicationMonitor,class com.ibm.ws.app.manager.internal.monitor.ApplicationMonitor,[applications, app.manager],com.ibm.ws.app.manager.internal.resources.AppManagerMessages,null]"
    _config = class java.util.concurrent.atomic.AtomicReference@727014a2
      serialVersionUID = -1848883965231344442
      unsafe = class sun.misc.Unsafe@5eae53f3
      valueOffset = 12
      value = class com.ibm.ws.app.manager.internal.monitor.ApplicationMonitorConfig@5423b0d9
    _executorService = class java.util.concurrent.atomic.AtomicReference@c9d2459
      serialVersionUID = -1848883965231344442
      unsafe = class sun.misc.Unsafe@5eae53f3
      valueOffset = 12
      value = class com.ibm.ws.threading.internal.ScheduledExecutorImpl@4233e02
    _appListeners = class java.util.concurrent.ConcurrentHashMap@28533fa4
      serialVersionUID = 7249069246763182397
      MAXIMUM_CAPACITY = 1073741824
      DEFAULT_CAPACITY = 16
      MAX_ARRAY_SIZE = 2147483639
      DEFAULT_CONCURRENCY_LEVEL = 16
      LOAD_FACTOR = 0.75
      TREEIFY_THRESHOLD = 8
      UNTREEIFY_THRESHOLD = 6
      MIN_TREEIFY_CAPACITY = 64
      MIN_TRANSFER_STRIDE = 16
      RESIZE_STAMP_BITS = 16
      MAX_RESIZERS = 65535
      RESIZE_STAMP_SHIFT = 16
      MOVED = -1
      TREEBIN = -2
      RESERVED = -3
      HASH_BITS = 2147483647
      NCPU = 4
      serialPersistentFields = class java.io.ObjectStreamField[3]
      table = class java.util.concurrent.ConcurrentHashMap$Node[16]
      nextTable = null
      baseCount = 0
      sizeCtl = 12
      transferIndex = 0
      cellsBusy = 0
      counterCells = null
      keySet = null
      values = class java.util.concurrent.ConcurrentHashMap$ValuesView@5e75928e
      entrySet = null
      U = class sun.misc.Unsafe@5eae53f3
      SIZECTL = 20
      TRANSFERINDEX = 32
      BASECOUNT = 24
      CELLSBUSY = 36
      CELLVALUE = 144
      ABASE = 16
      ASHIFT = 2
      keySet = null
      values = null
    serialVersionUID = -6677716415972806660
  _update = true
  cancelled = false
  _slowMessageAction = class java.util.concurrent.atomic.AtomicReference@3545c177
    serialVersionUID = -1848883965231344442
    unsafe = class sun.misc.Unsafe@5eae53f3
      theUnsafe = class sun.misc.Unsafe@5eae53f3
      INVALID_FIELD_OFFSET = -1
      ARRAY_BOOLEAN_BASE_OFFSET = 16
      ARRAY_BYTE_BASE_OFFSET = 16
      ARRAY_SHORT_BASE_OFFSET = 16
      ARRAY_CHAR_BASE_OFFSET = 16
      ARRAY_INT_BASE_OFFSET = 16
      ARRAY_LONG_BASE_OFFSET = 16
      ARRAY_FLOAT_BASE_OFFSET = 16
      ARRAY_DOUBLE_BASE_OFFSET = 16
      ARRAY_OBJECT_BASE_OFFSET = 16
      ARRAY_BOOLEAN_INDEX_SCALE = 1
      ARRAY_BYTE_INDEX_SCALE = 1
      ARRAY_SHORT_INDEX_SCALE = 2
      ARRAY_CHAR_INDEX_SCALE = 2
      ARRAY_INT_INDEX_SCALE = 4
      ARRAY_LONG_INDEX_SCALE = 8
      ARRAY_FLOAT_INDEX_SCALE = 4
      ARRAY_DOUBLE_INDEX_SCALE = 8
      ARRAY_OBJECT_INDEX_SCALE = 4
      ADDRESS_SIZE = 8
    valueOffset = 12
    value = class com.ibm.ws.threading.internal.SchedulingHelper@20084da9
      m_callable = class java.util.concurrent.Executors$RunnableAdapter@649d8c0a
      m_isDone = false
      m_cancelResult = false
      m_schedFuture = class java.util.concurrent.ScheduledThreadPoolExecutor$ScheduledFutureTask@69af035
      m_coordinationLatch = class java.util.concurrent.CountDownLatch@7a1d3130
      m_executor = class com.ibm.ws.threading.internal.ExecutorServiceImpl@2b3cda8c
      m_defaultFuture = null
      m_pendingException = null
      m_scheduledExecutorQueue = class java.util.concurrent.ScheduledThreadPoolExecutor$DelayedWorkQueue@2560ebf3
      serialVersionUID = 2955063284661034074
      $$$tc$$$ = class com.ibm.websphere.ras.TraceComponent@6033ca66
  _listener = class com.ibm.ws.app.manager.internal.statemachine.StartAction$1@6eca3138
    this$0 = class com.ibm.ws.app.manager.internal.statemachine.StartAction@55c74993
    serialVersionUID = 276196939532533882
    $$$tc$$$ = class com.ibm.websphere.ras.TraceComponent@617769d6
      strings[0] = "TraceComponent[com.ibm.ws.app.manager.internal.statemachine.StartAction$1,class com.ibm.ws.app.manager.internal.statemachine.StartAction$1,[applications, app.manager],com.ibm.ws.app.manager.internal.resources.AppManagerMessages,null]"
  serialVersionUID = 4672599176422692680

Dump of objectArray[0]
Object type = com.ibm.ws.threading.internal.ScheduledExecutorImpl
  threadGroupName = "Scheduled Executor Thread Group"
  executor = class com.ibm.ws.threading.internal.ExecutorServiceImpl@2b3cda8c
    threadPool = class java.util.concurrent.ThreadPoolExecutor@1263273
      ctl = class java.util.concurrent.atomic.AtomicInteger@60b4a802
      COUNT_BITS = 29
      CAPACITY = 536870911
      RUNNING = -536870912
      SHUTDOWN = 0
      STOP = 536870912
      TIDYING = 1073741824
      TERMINATED = 1610612736
      workQueue = class com.ibm.ws.threading.internal.BoundedBuffer@23944bb9
      mainLock = class java.util.concurrent.locks.ReentrantLock@38c168c5
      workers = class java.util.HashSet@73dcd14
      termination = class java.util.concurrent.locks.AbstractQueuedSynchronizer$ConditionObject@428c8149
      largestPoolSize = 12
      completedTaskCount = 46295
      threadFactory = class com.ibm.ws.threading.internal.ThreadFactoryImpl@4344c322
      handler = class com.ibm.ws.threading.internal.ExecutorServiceImpl$ExpandPolicy@70700ccf
      keepAliveTime = 0
      allowCoreThreadTimeOut = false
      corePoolSize = 8
      maximumPoolSize = 8
      defaultHandler = class java.util.concurrent.ThreadPoolExecutor$AbortPolicy@79f642e7
      shutdownPerm = class java.lang.RuntimePermission@63b776b
      acc = null
      ONLY_ONE = true
      $assertionsDisabled = true
    threadPoolController = class com.ibm.ws.threading.internal.ThreadPoolController@10bdc0ec
      tc = class com.ibm.websphere.ras.TraceComponent@1436089d
      interval = 1500
      hangInterval = 750
      hangResolutionCountdown = 0
      hangResolutionCycles = 3
      hangBufferPoolSize = 0
      currentMinimumPoolSize = 8
      controllerCyclesWithoutHang = 0
      noHangCyclesThreshold = 8
      compareRange = 4
      NUMBER_CPUS = 4
      controllerCycle = 4249
      distributionReset = false
      poolIncrement = 4
      poolDecrement = 4
      maxThreadsPoolDecrement = 1
      poolChangeBasis = 4
      poolIncrementBoundLow = 64
      poolIncrementBoundMedium = 256
      poolIncrementMax = 16
      poolIncrementMin = 1
      POOL_INCREMENT_MIN_DEFAULT = 1
      POOL_INCREMENT_MAX_DEFAULT = 16
      minimumDesiredPoolSizeAdjustments = 10
      targetPoolSize = 8
      consecutiveTargetPoolSizeWrong = 0
      MAX_CONSECUTIVE_TARGET_POOLSIZE_WRONG = 3
      highCpu = 90
      lowTputThreadsRatio = 1.0
      activeThreadsGrowthRatio = 0.75
      dataAgePruneLevel = 5.0
      compareSpanPruneMultiplier = 2
      tputRatioPruneLevel = 5.0
      poolTputRatioHigh = 5.0
      poolTputRatioLow = 3.0
      compareSpanRatioMultiplier = 2
      growScoreFilterLevel = 0.5
      shrinkScoreFilterLevel = 0.5
      growShrinkDiffFilter = 0.25
      resetDistroStdDevEwmaRatio = 0.1
      resetDistroNewTputEwmaRatio = 0.5
      resetDistroConsecutiveOutliers = 5.0
      processCpuUtil = 16.373502994011975
      systemCpuUtil = 86.2314592473707
      cpuUtil = 86.2314592473707
      df = class java.text.DecimalFormat@360a8a77
      queueDepth = 0
      activeThreads = 1
      MAX_INTERVALS_WITHOUT_CHANGE = 5
      EMPTY_QUEUE_SHRINK_MAGIC_PER_INTERVAL = 0.04
      IDLE_INTERVALS_BEFORE_PAUSE = 3
      MAX_OUTLIER_AFTER_CHANGE_BEFORE_RESET = 10
      MAX_THREADS_TO_BREAK_HANG = 1000
      executorService = class com.ibm.ws.threading.internal.ExecutorServiceImpl@2b3cda8c
      lastAction = class com.ibm.ws.threading.internal.ThreadPoolController$LastAction@3ba77619
      timer = class java.util.Timer@49054e1c
      activeTask = class com.ibm.ws.threading.internal.IntervalTask@d2a44e0
      paused = false
      lastTimerPop = 1606748298972
      previousCompleted = 89220
      previousThroughput = 9.314703925482368
      consecutiveQueueEmptyCount = 276
      consecutiveNoAdjustment = 1
      consecutiveOutlierAfterAdjustment = 0
      consecutiveIdleCount = 0
      maxThreads = 2147483647
      coreThreads = 8
      threadRange = 2147483639
      threadPool = class java.util.concurrent.ThreadPoolExecutor@1263273
      threadStats = class java.util.TreeMap@6f113e00
      poolSizeWhenHangDetected = -1
      hangIntervalCounter = 0
      hangMaxThreadsMessageEmitted = false
      serialVersionUID = -8899192782934828217
    poolName = "Default Executor"
    MINIMUM_POOL_SIZE = 4
    componentConfig = class org.apache.felix.scr.impl.helper.ReadOnlyDictionary@26e73a90
      m_delegate = class java.util.Hashtable@7114b628
      m_serviceReference = null
    interceptorsActive = false
    interceptors = class java.util.concurrent.CopyOnWriteArraySet@70b9e6ba
      serialVersionUID = 5457747651344034263
      al = class java.util.concurrent.CopyOnWriteArrayList@9136815
      MAX_ARRAY_SIZE = 2147483639
    threadFactory = null
    serverStopping = false
    phaser = class java.util.concurrent.Phaser@403ce774
      state = 131074
      MAX_PARTIES = 65535
      MAX_PHASE = 2147483647
      PARTIES_SHIFT = 16
      PHASE_SHIFT = 32
      UNARRIVED_MASK = 65535
      PARTIES_MASK = 4294901760
      COUNTS_MASK = 4294967295
      TERMINATION_BIT = -9223372036854775808
      ONE_ARRIVAL = 1
      ONE_PARTY = 65536
      ONE_DEREGISTER = 65537
      EMPTY = 1
      parent = null
      root = class java.util.concurrent.Phaser@403ce774
      evenQ = class java.util.concurrent.atomic.AtomicReference@78bf97b8
      oddQ = class java.util.concurrent.atomic.AtomicReference@3702e046
      NCPU = 4
      SPINS_PER_ARRIVAL = 256
      UNSAFE = class sun.misc.Unsafe@5eae53f3
      stateOffset = 16
    serialVersionUID = 6930666794455919448
    $$$tc$$$ = class com.ibm.websphere.ras.TraceComponent@235c1017
      strings[0] = "TraceComponent[com.ibm.ws.threading.internal.ExecutorServiceImpl,class com.ibm.ws.threading.internal.ExecutorServiceImpl,[Threading],com.ibm.ws.threading.internal.resources.ThreadingMessages,null]"
  serialVersionUID = -9110693807503469597
  $$$tc$$$ = class com.ibm.websphere.ras.TraceComponent@2dfe099b
    strings[0] = "TraceComponent[com.ibm.ws.threading.internal.ScheduledExecutorImpl,class com.ibm.ws.threading.internal.ScheduledExecutorImpl,[Threading],com.ibm.ws.threading.internal.resources.ThreadingMessages,null]"
  continueExistingPeriodicTasksAfterShutdown = false
  executeExistingDelayedTasksAfterShutdown = true
  removeOnCancel = false
  sequencer = class java.util.concurrent.atomic.AtomicLong@645cba
    serialVersionUID = 1927816293512124184
    unsafe = class sun.misc.Unsafe@5eae53f3
      theUnsafe = class sun.misc.Unsafe@5eae53f3
      INVALID_FIELD_OFFSET = -1
      ARRAY_BOOLEAN_BASE_OFFSET = 16
      ARRAY_BYTE_BASE_OFFSET = 16
      ARRAY_SHORT_BASE_OFFSET = 16
      ARRAY_CHAR_BASE_OFFSET = 16
      ARRAY_INT_BASE_OFFSET = 16
      ARRAY_LONG_BASE_OFFSET = 16
      ARRAY_FLOAT_BASE_OFFSET = 16
      ARRAY_DOUBLE_BASE_OFFSET = 16
      ARRAY_OBJECT_BASE_OFFSET = 16
      ARRAY_BOOLEAN_INDEX_SCALE = 1
      ARRAY_BYTE_INDEX_SCALE = 1
      ARRAY_SHORT_INDEX_SCALE = 2
      ARRAY_CHAR_INDEX_SCALE = 2
      ARRAY_INT_INDEX_SCALE = 4
      ARRAY_LONG_INDEX_SCALE = 8
      ARRAY_FLOAT_INDEX_SCALE = 4
      ARRAY_DOUBLE_INDEX_SCALE = 8
      ARRAY_OBJECT_INDEX_SCALE = 4
      ADDRESS_SIZE = 8
    valueOffset = 16
    VM_SUPPORTS_LONG_CAS = true
    value = 89226
    serialVersionUID = -8742448824652078965
  ctl = class java.util.concurrent.atomic.AtomicInteger@41ed5a63
    serialVersionUID = 6214790243416807050
    unsafe = class sun.misc.Unsafe@5eae53f3
    valueOffset = 12
    value = -536870911
    serialVersionUID = -8742448824652078965
  COUNT_BITS = 29
  CAPACITY = 536870911
  RUNNING = -536870912
  SHUTDOWN = 0
  STOP = 536870912
  TIDYING = 1073741824
  TERMINATED = 1610612736
  workQueue = class java.util.concurrent.ScheduledThreadPoolExecutor$DelayedWorkQueue@2560ebf3
    INITIAL_CAPACITY = 16
    queue = interface java.util.concurrent.RunnableScheduledFuture[16]
      RunnableScheduledFuture[0] = class com.ibm.ws.threading.internal.SchedulingHelper@175ee900
      RunnableScheduledFuture[1] = class com.ibm.ws.threading.internal.SchedulingHelper@5ad58ee5
      RunnableScheduledFuture[2] = class com.ibm.ws.threading.internal.SchedulingHelper@5f93f260
      RunnableScheduledFuture[3] = class com.ibm.ws.threading.internal.SchedulingHelper@1c7ff7af
      RunnableScheduledFuture[4] = class com.ibm.ws.threading.internal.SchedulingHelper@7c891bc9
      RunnableScheduledFuture[5] = class com.ibm.ws.threading.internal.SchedulingHelper@20084da9
      RunnableScheduledFuture[6] = class com.ibm.ws.threading.internal.SchedulingHelper@add101b
      RunnableScheduledFuture[7] = null
      RunnableScheduledFuture[8] = null
      RunnableScheduledFuture[9] = null
      RunnableScheduledFuture[10] = null
      RunnableScheduledFuture[11] = null
      RunnableScheduledFuture[12] = null
      RunnableScheduledFuture[13] = null
      RunnableScheduledFuture[14] = null
      RunnableScheduledFuture[15] = null
    lock = class java.util.concurrent.locks.ReentrantLock@41f4b670
      serialVersionUID = 7373984872572414699
      sync = class java.util.concurrent.locks.ReentrantLock$NonfairSync@5d23d18c
    size = 7
    leader = class java.lang.Thread@278533a7
      name = "Scheduled Executor-thread-1"
      priority = 5
      threadQ = null
      eetop = 559209641984
      single_step = false
      daemon = true
      stillborn = false
      target = class java.util.concurrent.ThreadPoolExecutor$Worker@26484a13
      group = class java.lang.ThreadGroup@21d46bda
      contextClassLoader = class org.eclipse.osgi.internal.framework.ContextFinder@2e78e36
      inheritedAccessControlContext = class java.security.AccessControlContext@5f6b2c51
      threadInitNumber = 16
      threadLocals = class java.lang.ThreadLocal$ThreadLocalMap@7ec01db
      inheritableThreadLocals = null
      stackSize = 0
      nativeParkEventPointer = 559216520976
      tid = 31
      threadSeqNumber = 76
      threadStatus = 673
      parkBlocker = class java.util.concurrent.locks.AbstractQueuedSynchronizer$ConditionObject@2b80b2da
      blocker = null
      blockerLock = class java.lang.Object@2d58f7f4
      MIN_PRIORITY = 1
      NORM_PRIORITY = 5
      MAX_PRIORITY = 10
      EMPTY_STACK_TRACE = class java.lang.StackTraceElement[0]
      SUBCLASS_IMPLEMENTATION_PERMISSION = class java.lang.RuntimePermission@2b574faa
      uncaughtExceptionHandler = null
      defaultUncaughtExceptionHandler = null
      threadLocalRandomSeed = 0
      threadLocalRandomProbe = 0
      threadLocalRandomSecondarySeed = 0
    available = class java.util.concurrent.locks.AbstractQueuedSynchronizer$ConditionObject@2b80b2da
      serialVersionUID = 1173984872572414699
      firstWaiter = class java.util.concurrent.locks.AbstractQueuedSynchronizer$Node@4814ed80
      lastWaiter = class java.util.concurrent.locks.AbstractQueuedSynchronizer$Node@4814ed80
      REINTERRUPT = 1
      THROW_IE = -1
      this$0 = class java.util.concurrent.locks.ReentrantLock$NonfairSync@5d23d18c
    MAX_ARRAY_SIZE = 2147483639
  mainLock = class java.util.concurrent.locks.ReentrantLock@6845bd69
    serialVersionUID = 7373984872572414699
    sync = class java.util.concurrent.locks.ReentrantLock$NonfairSync@6a06e47f
  workers = class java.util.HashSet@4ae6ad57
    serialVersionUID = -5024744406713321676
    map = class java.util.HashMap@1e67c56c
      serialVersionUID = 362498820763181265
      DEFAULT_INITIAL_CAPACITY = 16
      MAXIMUM_CAPACITY = 1073741824
      DEFAULT_LOAD_FACTOR = 0.75
      TREEIFY_THRESHOLD = 8
      UNTREEIFY_THRESHOLD = 6
      MIN_TREEIFY_CAPACITY = 64
      table = class java.util.HashMap$Node[16]
      entrySet = null
      size = 1
      modCount = 1
      threshold = 12
      loadFactor = 0.75
      keySet = null
      values = null
    PRESENT = class java.lang.Object@5d6d3a7e
    MAX_ARRAY_SIZE = 2147483639
  termination = class java.util.concurrent.locks.AbstractQueuedSynchronizer$ConditionObject@61f3c82a
    serialVersionUID = 1173984872572414699
    firstWaiter = null
    lastWaiter = null
    REINTERRUPT = 1
    THROW_IE = -1
    this$0 = class java.util.concurrent.locks.ReentrantLock$NonfairSync@6a06e47f
      serialVersionUID = 7316153563782823691
      serialVersionUID = -5179523762034025860
      serialVersionUID = 7373984972572414691
      head = null
      tail = null
      state = 0
      spinForTimeoutThreshold = 1000
      unsafe = class sun.misc.Unsafe@5eae53f3
      stateOffset = 16
      headOffset = 20
      tailOffset = 24
      waitStatusOffset = 12
      nextOffset = 20
      serialVersionUID = 3737899427754241961
      exclusiveOwnerThread = null
  largestPoolSize = 1
  completedTaskCount = 0
  threadFactory = class com.ibm.ws.threading.internal.ThreadFactoryImpl@685db75
    tc = class com.ibm.websphere.ras.TraceComponent@12414f6
      strings[0] = "TraceComponent[com.ibm.ws.threading.internal.ThreadFactoryImpl,class com.ibm.ws.threading.internal.ThreadFactoryImpl,[Threading],com.ibm.ws.threading.internal.resources.ThreadingMessages,null]"
    TRACE_ENABLED_AT_STARTUP = false
    createdThreadCount = class java.util.concurrent.atomic.AtomicInteger@3e78e53f
      serialVersionUID = 6214790243416807050
      unsafe = class sun.misc.Unsafe@5eae53f3
      valueOffset = 12
      value = 1
      serialVersionUID = -8742448824652078965
    executorName = "Scheduled Executor"
    threadGroup = class java.lang.ThreadGroup@21d46bda
      parent = class java.lang.ThreadGroup@293ca7a1
      name = "Scheduled Executor Thread Group"
      maxPriority = 10
      destroyed = false
      daemon = false
      vmAllowSuspension = false
      nUnstartedThreads = 0
      nthreads = 1
      threads = class java.lang.Thread[4]
      ngroups = 0
      groups = null
    contextClassLoader = class org.eclipse.osgi.internal.framework.ContextFinder@2e78e36
      cycleDetector = class java.lang.ThreadLocal@7f603064
      finderClassLoader = class com.ibm.ws.kernel.internal.classloader.BootstrapChildFirstJarClassloader@4678c730
      contextFinder = class org.eclipse.osgi.internal.framework.ContextFinder$Finder@5a464f39
      THIS = class java.lang.Class@66498326
      parentContextClassLoader = class sun.misc.Launcher$AppClassLoader@4e0e2f2a
      parent = class sun.misc.Launcher$AppClassLoader@4e0e2f2a
      parallelLockMap = null
      package2certs = class java.util.Hashtable@160bfa7f
      nocerts = class java.security.cert.Certificate[0]
      classes = class java.util.Vector@768451f4
      defaultDomain = class java.security.ProtectionDomain@899bc50
      packages = class java.util.HashMap@604e05fd
      scl = class sun.misc.Launcher$AppClassLoader@4e0e2f2a
      sclSet = true
      loadedLibraryNames = class java.util.Vector@295fc389
      systemNativeLibraries = class java.util.Vector@7d803ca7
      nativeLibraries = class java.util.Vector@383e647b
      nativeLibraryContext = class java.util.Stack@28cfef6c
      usr_paths = class java.lang.String[18]
      sys_paths = class java.lang.String[1]
      assertionLock = class org.eclipse.osgi.internal.framework.ContextFinder@2e78e36
      defaultAssertionStatus = false
      packageAssertionStatus = null
      classAssertionStatus = null
    serialVersionUID = -3600085245630848128
  handler = class java.util.concurrent.ThreadPoolExecutor$AbortPolicy@79f642e7
  keepAliveTime = 0
  allowCoreThreadTimeOut = false
  corePoolSize = 1
  maximumPoolSize = 2147483647
  defaultHandler = class java.util.concurrent.ThreadPoolExecutor$AbortPolicy@79f642e7
  shutdownPerm = class java.lang.RuntimePermission@63b776b
    serialVersionUID = 7399184964622342223
    serialVersionUID = 6279438298436773498
    wildcard = false
    path = "modifyThread"
    exitVM = false
    serialVersionUID = -5636570222231596674
    name = "modifyThread"
  acc = null
  ONLY_ONE = true
  $assertionsDisabled = true

